         PROPERTIES OF THE WEDGES, 1959:1-2004:3
------------------------------------------------------------
A. Summary Statistics
------------------------------------------------------------
             Standard     Cross-Correlation with Y(t-k), k=
             Deviation    ----------------------------------
Variable     Rel. to Y     -2     -1      0      1      2
------------------------------------------------------------
Efficiency   0.63         0.65   0.76   0.85   0.60   0.35
Labor        0.92         0.52   0.65   0.71   0.73   0.68
Investment   1.18         0.44   0.48   0.47   0.30   0.09
Govt. Cons.  1.51        -0.42  -0.42  -0.33  -0.24  -0.11
------------------------------------------------------------
B. Cross Correlations
------------------------------------------------------------
                          Cross-Correlation X(t), Z(t-k), k=
                          ----------------------------------
Variable X,Z               -2     -1      0      1      2
------------------------------------------------------------
Efficiency , Labor        0.57   0.48   0.30   0.28   0.16
Efficiency , Investment   0.31   0.46   0.61   0.47   0.35
Efficiency , Govt. Cons. -0.27  -0.33  -0.34  -0.35  -0.31
Labor      , Investment  -0.07   0.11   0.18   0.37   0.46
Labor      , Govt. Cons. -0.02  -0.22  -0.38  -0.47  -0.50
Investment , Govt. Cons. -0.60  -0.73  -0.88  -0.70  -0.51
------------------------------------------------------------
Note: Statistics based on logged and HP-filtered series
  
  
   PROPERTIES OF THE OUTPUT COMPONENTS, 1959:1-2004:3
------------------------------------------------------------
A. Summary Statistics
------------------------------------------------------------
             Standard     Cross-Correlation with Y(t-k), k=
             Deviation    ----------------------------------
Variable     Rel. to Y     -2     -1      0      1      2
------------------------------------------------------------
Efficiency   0.73         0.65   0.75   0.83   0.57   0.31
Labor        0.59         0.44   0.59   0.68   0.74   0.74
Investment   0.31         0.33   0.37   0.40   0.25   0.07
Govt. Cons.  0.40        -0.45  -0.45  -0.39  -0.25  -0.08
------------------------------------------------------------
B. Cross Correlations
------------------------------------------------------------
                          Cross-Correlation X(t), Z(t-k), k=
                          ----------------------------------
Variable X,Z               -2     -1      0      1      2
------------------------------------------------------------
Efficiency , Labor        0.54   0.41   0.18   0.15   0.04
Efficiency , Investment   0.30   0.44   0.60   0.40   0.28
Efficiency , Govt. Cons. -0.34  -0.45  -0.56  -0.48  -0.39
Labor      , Investment  -0.17  -0.03  -0.03   0.20   0.29
Labor      , Govt. Cons.  0.14  -0.03  -0.13  -0.31  -0.40
Investment , Govt. Cons. -0.49  -0.63  -0.87  -0.66  -0.48
------------------------------------------------------------
Note: Statistics based on logged and HP-filtered series

