Results from Maximum Likelihood Estimation
------------------------------------------
  
  [Theta, Standard Errors]
 -2.593e-02  1.196e-03
  3.253e-01  1.107e-03
  4.764e-01  1.176e-03
 -1.526e+00  2.378e-03
  9.881e-01  2.219e-03
 -3.936e-03  1.193e-03
  7.395e-03  4.125e-03
 -1.548e-03  2.716e-03
  2.348e-02  1.264e-03
  9.952e-01  2.217e-03
 -7.813e-02  2.852e-03
 -1.293e-02  2.051e-03
  5.214e-02  2.215e-03
  3.785e-02  8.611e-04
  8.793e-01  4.649e-03
  4.801e-02  2.246e-03
 -5.624e-02  1.812e-03
 -2.975e-02  1.625e-03
  1.456e-01  7.561e-03
  9.650e-01  2.096e-03
  1.144e-02  3.278e-04
  1.323e-03  3.589e-04
 -9.248e-03  8.700e-04
 -3.881e-04  5.407e-04
  6.405e-03  3.165e-04
  2.643e-03  8.266e-04
  6.192e-03  5.307e-04
  2.206e-02  7.397e-04
  1.348e-02  5.430e-04
  6.978e-03  4.501e-04
 
  
  L(Theta) = -3020.52

