esults from Maximum Likelihood Estimation
------------------------------------------
  
  [Theta, Standard Errors]
 -3.868e-02  3.721e-06
  3.253e-01  3.053e-06
  4.239e-01  2.428e-06
 -1.539e+00  9.903e-06
  1.014e+00  5.990e-05
  7.004e-03  2.793e-05
 -1.055e-01  2.628e-05
 -3.794e-02  3.192e-05
 -4.443e-02  2.735e-05
  9.532e-01  1.572e-05
  1.001e-01  2.484e-05
 -1.577e-02  1.818e-05
  3.612e-02  1.614e-05
  1.732e-02  2.773e-05
  8.296e-01  1.906e-05
 -3.019e-02  8.959e-06
 -1.685e-02  2.227e-05
  4.034e-03  2.714e-05
  1.398e-01  1.604e-05
  1.044e+00  2.083e-05
  1.137e-02  4.535e-06
  1.481e-03  1.131e-04
 -2.718e-02  4.287e-06
 -2.984e-05  1.054e-04
  6.262e-03  3.468e-05
  1.220e-02  2.292e-05
  5.891e-03  7.888e-06
  2.432e-02  4.754e-05
  9.294e-03  4.759e-05
  1.154e-02  6.242e-06
 
  
  L(Theta) = -3023.51

