Results from Maximum Likelihood Estimation
------------------------------------------
  
  [Theta, Standard Errors]
 -2.392e-02  5.213e-03
  3.279e-01  3.973e-03
  4.834e-01  7.928e-03
 -1.534e+00  7.349e-03
  9.800e-01  2.127e-02
 -3.298e-02  3.706e-02
 -7.025e-02  3.387e-02
  4.810e-03  2.804e-02
 -1.378e-02  1.743e-02
  9.564e-01  2.784e-02
 -4.601e-02  2.971e-02
 -8.106e-03  4.237e-02
 -1.173e-02  3.567e-02
 -4.508e-02  4.728e-02
  8.962e-01  3.618e-02
  4.884e-02  4.409e-02
  1.924e-02  1.394e-02
  5.690e-02  2.055e-02
  1.041e-01  1.945e-02
  9.711e-01  2.494e-02
  1.162e-02  5.913e-04
  1.412e-03  5.293e-04
 -1.050e-02  2.642e-03
 -5.754e-04  9.802e-04
  6.440e-03  3.827e-04
  1.032e-03  1.680e-03
  6.112e-03  1.090e-03
  1.584e-02  2.551e-03
  1.418e-02  2.025e-03
  4.584e-03  1.187e-03
 
  
  L(Theta) = -3025.31

