Results from Maximum Likelihood Estimation
------------------------------------------
  
  [Theta, Standard Errors]
  5.363e-01  2.551e-02
 -2.004e-01  5.300e-02
  2.921e-01  8.219e-02
 -2.808e+00  1.493e-01
  4.318e-01  1.995e-01
  1.782e-01  2.295e-01
 -6.592e-01  6.764e-01
  1.206e-01  7.409e-02
  9.630e-01  7.303e-02
  1.117e-01  2.520e-01
 -8.657e-02  5.143e-02
  9.382e-02  5.574e-02
  5.596e-01  1.948e-01
  7.831e-01  1.380e-01
  5.615e-02  6.379e-03
 -3.265e-03  1.041e-02
 -1.760e-01  4.962e-02
  5.527e-02  7.717e-03
  8.107e-02  3.449e-02
 -1.888e-01  3.020e-02
  2.209e-01  3.836e-02
 
  
  L(Theta) = -334.056

