Results from Maximum Likelihood Estimation
------------------------------------------
  
  [Theta, Standard Errors]
  5.408e-01  2.559e-02
 -1.896e-01  5.446e-02
  2.859e-01  4.428e-02
 -2.794e+00  1.239e-01
  7.319e-01  1.208e-01
 -1.495e-01  1.256e-01
 -1.135e-02  1.947e-01
  5.206e-02  6.135e-02
  1.039e+00  6.585e-02
 -1.966e-02  1.240e-01
 -3.170e-01  2.584e-01
  3.904e-01  2.580e-01
  7.313e-02  1.934e-01
  7.498e-01  1.193e-01
 -5.746e-02  6.727e-03
  5.615e-03  9.630e-03
 -2.988e-03  1.614e-02
  5.551e-02  7.853e-03
 -2.536e-04  8.506e-03
 -3.695e-02  9.109e-03
  2.214e-01  3.947e-02
 
  
  L(Theta) = -336.897

