Results from Maximum Likelihood Estimation
------------------------------------------
  
  [Theta, Standard Errors]
  5.369e-01  2.499e-02
 -1.963e-01  5.398e-02
  2.906e-01  6.330e-02
 -2.796e+00  1.377e-01
  5.639e-01  1.666e-01
  4.695e-02  1.756e-01
 -3.780e-01  2.795e-01
  8.977e-02  5.999e-02
  9.953e-01  6.207e-02
  5.448e-02  1.367e-01
 -1.901e-01  1.305e-01
  2.192e-01  1.379e-01
  3.367e-01  1.945e-01
  7.664e-01  1.346e-01
 -5.675e-02  6.462e-03
  4.252e-03  9.975e-03
  4.320e-02  2.230e-02
  5.542e-02  7.677e-03
  2.058e-02  1.348e-02
 -7.682e-02  1.432e-02
  2.211e-01  3.821e-02
 
  
  L(Theta) = -335.307

