Results from Maximum Likelihood Estimation
------------------------------------------
  
  [Theta, Standard Errors]
  7.441e-01  2.361e-02
  2.293e-01  3.173e-02
  2.817e-01  3.274e-02
 -2.784e+00  1.234e-01
  6.660e-01  1.231e-01
 -1.781e-01  1.143e-01
 -4.015e-02  2.414e-01
  1.713e-01  6.985e-02
  1.080e+00  6.461e-02
  3.906e-02  1.682e-01
 -1.922e-01  1.279e-01
  2.852e-01  1.181e-01
  1.081e-01  1.575e-01
  7.444e-01  1.067e-01
 -3.251e-02  3.838e-03
 -1.094e-02  6.177e-03
 -9.708e-03  1.114e-02
  3.427e-02  4.440e-03
 -8.951e-04  9.703e-03
  3.751e-02  9.929e-03
  2.217e-01  3.984e-02
 
  
  L(Theta) = -337.255

